<?xml version="1.0" encoding="UTF-8"?>
<!-- Generated by org.testng.reporters.JUnitReportReporter -->
<testsuite hostname="KGSVDI-1544" failures="0" tests="2" name="com.orangehrm.tests.PIMAddempTest" time="55.720" errors="0" timestamp="2025-08-19T19:15:58 IST" skipped="0">
  <testcase classname="com.orangehrm.tests.PIMAddempTest" name="TC06_PIM" time="46.820"/>
  <testcase classname="com.orangehrm.tests.PIMAddempTest" name="TC05_LoginValidCredentials" time="8.900"/>
</testsuite> <!-- com.orangehrm.tests.PIMAddempTest -->
