<?xml version="1.0" encoding="UTF-8"?>
<!-- Generated by org.testng.reporters.JUnitReportReporter -->
<testsuite hostname="KGSVDI-1544" failures="0" tests="2" name="com.orangehrm.tests.PIMAddempTest2" time="49.719" errors="0" timestamp="2025-08-22T18:54:51 IST" skipped="0">
  <testcase classname="com.orangehrm.tests.PIMAddempTest2" name="addEmployeeTest" time="40.671"/>
  <testcase classname="com.orangehrm.tests.PIMAddempTest2" name="TC05_LoginValidCredentials" time="9.048"/>
</testsuite> <!-- com.orangehrm.tests.PIMAddempTest2 -->
