<?xml version="1.0" encoding="UTF-8"?>
<!-- Generated by org.testng.reporters.JUnitReportReporter -->
<testsuite hostname="KGSVDI-1544" failures="0" tests="2" name="com.orangehrm.tests.LoginTestWithDataProvider" time="43.200" errors="0" timestamp="2025-08-14T16:21:31 IST" skipped="0">
  <testcase classname="com.orangehrm.tests.LoginTestWithDataProvider" name="testLogin" time="25.005"/>
  <testcase classname="com.orangehrm.tests.LoginTestWithDataProvider" name="testLogin" time="18.195"/>
</testsuite> <!-- com.orangehrm.tests.LoginTestWithDataProvider -->
